android/app/build/intermediates/manifest_merge_blame_file/debug/processDebugMainManifest/manifest-merger-blame-debug-report.txt
1<?xml version="1.0" encoding="utf-8"?>
2<manifest xmlns:android="http://schemas.android.com/apk/res/android"
3    package="com.guitarmidi.ai"
4    android:versionCode="2"
5    android:versionName="2.2.0" >
6
7    <uses-sdk
7-->INJECTED
8        android:minSdkVersion="23"
8-->INJECTED
9        android:targetSdkVersion="36" />
9-->INJECTED
10
11    <uses-permission android:name="android.permission.RECORD_AUDIO" />
11-->src\main\AndroidManifest.xml:3:5-71
11-->src\main\AndroidManifest.xml:3:22-68
12
13    <uses-feature
13-->src\main\AndroidManifest.xml:4:5-88
14        android:name="android.hardware.microphone"
14-->src\main\AndroidManifest.xml:4:19-61
15        android:required="true" />
15-->src\main\AndroidManifest.xml:4:62-85
16    <uses-feature
16-->src\main\AndroidManifest.xml:5:5-83
17        android:name="android.software.midi"
17-->src\main\AndroidManifest.xml:5:19-55
18        android:required="false" />
18-->src\main\AndroidManifest.xml:5:56-80
19
20    <application
20-->src\main\AndroidManifest.xml:7:5-20:19
21        android:allowBackup="false"
21-->src\main\AndroidManifest.xml:8:9-36
22        android:debuggable="true"
23        android:extractNativeLibs="false"
23-->INJECTED
24        android:label="Guitar MIDI AI"
24-->src\main\AndroidManifest.xml:9:9-39
25        android:theme="@style/AppTheme" >
25-->src\main\AndroidManifest.xml:10:9-40
26        <activity
26-->src\main\AndroidManifest.xml:11:9-19:20
27            android:name="com.guitarmidi.ai.PolyMainActivity"
27-->src\main\AndroidManifest.xml:12:13-45
28            android:exported="true"
28-->src\main\AndroidManifest.xml:13:13-36
29            android:screenOrientation="portrait" >
29-->src\main\AndroidManifest.xml:14:13-49
30            <intent-filter>
30-->src\main\AndroidManifest.xml:15:13-18:29
31                <action android:name="android.intent.action.MAIN" />
31-->src\main\AndroidManifest.xml:16:17-69
31-->src\main\AndroidManifest.xml:16:25-66
32
33                <category android:name="android.intent.category.LAUNCHER" />
33-->src\main\AndroidManifest.xml:17:17-77
33-->src\main\AndroidManifest.xml:17:27-74
34            </intent-filter>
35        </activity>
36    </application>
37
38</manifest>